This file contains any messages produced by compilers while
running configure, to aid debugging if configure makes a mistake.

It was created by pam_ext_ssl configure 0.1, which was
generated by GNU Autoconf 2.68.  Invocation command line was

  $ ./configure 

## --------- ##
## Platform. ##
## --------- ##

hostname = kang-z21
uname -m = x86_64
uname -r = 3.10.5-1-ARCH
uname -s = Linux
uname -v = #1 SMP PREEMPT Mon Aug 5 08:04:22 CEST 2013

/usr/bin/uname -p = unknown
/bin/uname -X     = unknown

/bin/arch              = unknown
/usr/bin/arch -k       = unknown
/usr/convex/getsysinfo = unknown
/usr/bin/hostinfo      = unknown
/bin/machine           = unknown
/usr/bin/oslevel       = unknown
/bin/universe          = unknown

PATH: /usr/local/bin
PATH: /usr/bin
PATH: /bin
PATH: /usr/local/sbin
PATH: /usr/sbin
PATH: /sbin
PATH: /home/kang/bin
PATH: /opt/android-sdk/platform-tools


## ----------- ##
## Core tests. ##
## ----------- ##

configure:2070: checking for gcc
configure:2086: found /usr/bin/gcc
configure:2097: result: gcc
configure:2326: checking for C compiler version
configure:2335: gcc --version >&5
gcc (GCC) 4.8.1 20130725 (prerelease)
Copyright (C) 2013 Free Software Foundation, Inc.
This is free software; see the source for copying conditions.  There is NO
warranty; not even for MERCHANTABILITY or FITNESS FOR A PARTICULAR PURPOSE.

configure:2346: $? = 0
configure:2335: gcc -v >&5
Using built-in specs.
COLLECT_GCC=gcc
COLLECT_LTO_WRAPPER=/usr/lib/gcc/x86_64-unknown-linux-gnu/4.8.1/lto-wrapper
Target: x86_64-unknown-linux-gnu
Configured with: /build/gcc-multilib/src/gcc-4.8-20130725/configure --prefix=/usr --libdir=/usr/lib --libexecdir=/usr/lib --mandir=/usr/share/man --infodir=/usr/share/info --with-bugurl=https://bugs.archlinux.org/ --enable-languages=c,c++,ada,fortran,go,lto,objc,obj-c++ --enable-shared --enable-threads=posix --with-system-zlib --enable-__cxa_atexit --disable-libunwind-exceptions --enable-clocale=gnu --disable-libstdcxx-pch --enable-gnu-unique-object --enable-linker-build-id --enable-cloog-backend=isl --disable-cloog-version-check --enable-lto --enable-gold --enable-ld=default --enable-plugin --with-plugin-ld=ld.gold --with-linker-hash-style=gnu --disable-install-libiberty --enable-multilib --disable-libssp --disable-werror --enable-checking=release
Thread model: posix
gcc version 4.8.1 20130725 (prerelease) (GCC) 
configure:2346: $? = 0
configure:2335: gcc -V >&5
gcc: error: unrecognized command line option '-V'
gcc: fatal error: no input files
compilation terminated.
configure:2346: $? = 1
configure:2335: gcc -qversion >&5
gcc: error: unrecognized command line option '-qversion'
gcc: fatal error: no input files
compilation terminated.
configure:2346: $? = 1
configure:2366: checking whether the C compiler works
configure:2388: gcc    conftest.c  >&5
configure:2392: $? = 0
configure:2440: result: yes
configure:2443: checking for C compiler default output file name
configure:2445: result: a.out
configure:2451: checking for suffix of executables
configure:2458: gcc -o conftest    conftest.c  >&5
configure:2462: $? = 0
configure:2484: result: 
configure:2506: checking whether we are cross compiling
configure:2514: gcc -o conftest    conftest.c  >&5
configure:2518: $? = 0
configure:2525: ./conftest
configure:2529: $? = 0
configure:2544: result: no
configure:2549: checking for suffix of object files
configure:2571: gcc -c   conftest.c >&5
configure:2575: $? = 0
configure:2596: result: o
configure:2600: checking whether we are using the GNU C compiler
configure:2619: gcc -c   conftest.c >&5
configure:2619: $? = 0
configure:2628: result: yes
configure:2637: checking whether gcc accepts -g
configure:2657: gcc -c -g  conftest.c >&5
configure:2657: $? = 0
configure:2698: result: yes
configure:2715: checking for gcc option to accept ISO C89
configure:2779: gcc  -c -g -O2  conftest.c >&5
configure:2779: $? = 0
configure:2792: result: none needed
configure:2812: checking whether make sets $(MAKE)
configure:2834: result: yes
configure:2886: checking for a BSD-compatible install
configure:2954: result: /usr/bin/install -c
configure:2971: checking how to run the C preprocessor
configure:3002: gcc -E  conftest.c
configure:3002: $? = 0
configure:3016: gcc -E  conftest.c
conftest.c:9:28: fatal error: ac_nonexistent.h: No such file or directory
 #include <ac_nonexistent.h>
                            ^
compilation terminated.
configure:3016: $? = 1
configure: failed program was:
| /* confdefs.h */
| #define PACKAGE_NAME "pam_ext_ssl"
| #define PACKAGE_TARNAME "pam_ext_ssl"
| #define PACKAGE_VERSION "0.1"
| #define PACKAGE_STRING "pam_ext_ssl 0.1"
| #define PACKAGE_BUGREPORT ""
| #define PACKAGE_URL ""
| /* end confdefs.h.  */
| #include <ac_nonexistent.h>
configure:3041: result: gcc -E
configure:3061: gcc -E  conftest.c
configure:3061: $? = 0
configure:3075: gcc -E  conftest.c
conftest.c:9:28: fatal error: ac_nonexistent.h: No such file or directory
 #include <ac_nonexistent.h>
                            ^
compilation terminated.
configure:3075: $? = 1
configure: failed program was:
| /* confdefs.h */
| #define PACKAGE_NAME "pam_ext_ssl"
| #define PACKAGE_TARNAME "pam_ext_ssl"
| #define PACKAGE_VERSION "0.1"
| #define PACKAGE_STRING "pam_ext_ssl 0.1"
| #define PACKAGE_BUGREPORT ""
| #define PACKAGE_URL ""
| /* end confdefs.h.  */
| #include <ac_nonexistent.h>
configure:3104: checking for grep that handles long lines and -e
configure:3162: result: /usr/bin/grep
configure:3167: checking for egrep
configure:3229: result: /usr/bin/grep -E
configure:3234: checking for ANSI C header files
configure:3254: gcc -c -g -O2  conftest.c >&5
configure:3254: $? = 0
configure:3327: gcc -o conftest -g -O2   conftest.c  >&5
configure:3327: $? = 0
configure:3327: ./conftest
configure:3327: $? = 0
configure:3338: result: yes
configure:3351: checking for sys/types.h
configure:3351: gcc -c -g -O2  conftest.c >&5
configure:3351: $? = 0
configure:3351: result: yes
configure:3351: checking for sys/stat.h
configure:3351: gcc -c -g -O2  conftest.c >&5
configure:3351: $? = 0
configure:3351: result: yes
configure:3351: checking for stdlib.h
configure:3351: gcc -c -g -O2  conftest.c >&5
configure:3351: $? = 0
configure:3351: result: yes
configure:3351: checking for string.h
configure:3351: gcc -c -g -O2  conftest.c >&5
configure:3351: $? = 0
configure:3351: result: yes
configure:3351: checking for memory.h
configure:3351: gcc -c -g -O2  conftest.c >&5
configure:3351: $? = 0
configure:3351: result: yes
configure:3351: checking for strings.h
configure:3351: gcc -c -g -O2  conftest.c >&5
configure:3351: $? = 0
configure:3351: result: yes
configure:3351: checking for inttypes.h
configure:3351: gcc -c -g -O2  conftest.c >&5
configure:3351: $? = 0
configure:3351: result: yes
configure:3351: checking for stdint.h
configure:3351: gcc -c -g -O2  conftest.c >&5
configure:3351: $? = 0
configure:3351: result: yes
configure:3351: checking for unistd.h
configure:3351: gcc -c -g -O2  conftest.c >&5
configure:3351: $? = 0
configure:3351: result: yes
configure:3364: checking minix/config.h usability
configure:3364: gcc -c -g -O2  conftest.c >&5
conftest.c:52:26: fatal error: minix/config.h: No such file or directory
 #include <minix/config.h>
                          ^
compilation terminated.
configure:3364: $? = 1
configure: failed program was:
| /* confdefs.h */
| #define PACKAGE_NAME "pam_ext_ssl"
| #define PACKAGE_TARNAME "pam_ext_ssl"
| #define PACKAGE_VERSION "0.1"
| #define PACKAGE_STRING "pam_ext_ssl 0.1"
| #define PACKAGE_BUGREPORT ""
| #define PACKAGE_URL ""
| #define STDC_HEADERS 1
| #define HAVE_SYS_TYPES_H 1
| #define HAVE_SYS_STAT_H 1
| #define HAVE_STDLIB_H 1
| #define HAVE_STRING_H 1
| #define HAVE_MEMORY_H 1
| #define HAVE_STRINGS_H 1
| #define HAVE_INTTYPES_H 1
| #define HAVE_STDINT_H 1
| #define HAVE_UNISTD_H 1
| /* end confdefs.h.  */
| #include <stdio.h>
| #ifdef HAVE_SYS_TYPES_H
| # include <sys/types.h>
| #endif
| #ifdef HAVE_SYS_STAT_H
| # include <sys/stat.h>
| #endif
| #ifdef STDC_HEADERS
| # include <stdlib.h>
| # include <stddef.h>
| #else
| # ifdef HAVE_STDLIB_H
| #  include <stdlib.h>
| # endif
| #endif
| #ifdef HAVE_STRING_H
| # if !defined STDC_HEADERS && defined HAVE_MEMORY_H
| #  include <memory.h>
| # endif
| # include <string.h>
| #endif
| #ifdef HAVE_STRINGS_H
| # include <strings.h>
| #endif
| #ifdef HAVE_INTTYPES_H
| # include <inttypes.h>
| #endif
| #ifdef HAVE_STDINT_H
| # include <stdint.h>
| #endif
| #ifdef HAVE_UNISTD_H
| # include <unistd.h>
| #endif
| #include <minix/config.h>
configure:3364: result: no
configure:3364: checking minix/config.h presence
configure:3364: gcc -E  conftest.c
conftest.c:19:26: fatal error: minix/config.h: No such file or directory
 #include <minix/config.h>
                          ^
compilation terminated.
configure:3364: $? = 1
configure: failed program was:
| /* confdefs.h */
| #define PACKAGE_NAME "pam_ext_ssl"
| #define PACKAGE_TARNAME "pam_ext_ssl"
| #define PACKAGE_VERSION "0.1"
| #define PACKAGE_STRING "pam_ext_ssl 0.1"
| #define PACKAGE_BUGREPORT ""
| #define PACKAGE_URL ""
| #define STDC_HEADERS 1
| #define HAVE_SYS_TYPES_H 1
| #define HAVE_SYS_STAT_H 1
| #define HAVE_STDLIB_H 1
| #define HAVE_STRING_H 1
| #define HAVE_MEMORY_H 1
| #define HAVE_STRINGS_H 1
| #define HAVE_INTTYPES_H 1
| #define HAVE_STDINT_H 1
| #define HAVE_UNISTD_H 1
| /* end confdefs.h.  */
| #include <minix/config.h>
configure:3364: result: no
configure:3364: checking for minix/config.h
configure:3364: result: no
configure:3385: checking whether it is safe to define __EXTENSIONS__
configure:3403: gcc -c -g -O2  conftest.c >&5
configure:3403: $? = 0
configure:3410: result: yes
configure:3436: checking build system type
configure:3450: result: x86_64-unknown-linux-gnu
configure:3470: checking host system type
configure:3483: result: x86_64-unknown-linux-gnu
configure:3512: checking host operating system
configure:3514: result: linux-gnu
configure:3548: checking how to create shared objects
configure:3573: gcc -o conftest -g -O2   -fPIC -DPIC -shared -rdynamic conftest.c  >&5
configure:3573: $? = 0
configure:3942: result: -shared -rdynamic -fPIC -DPIC
configure:4006: checking for objcopy
configure:4022: found /usr/bin/objcopy
configure:4033: result: objcopy
configure:4106: checking for strip
configure:4122: found /usr/bin/strip
configure:4133: result: strip
configure:4189: checking for security/pam_appl.h
configure:4189: gcc -c -g -O2  conftest.c >&5
configure:4189: $? = 0
configure:4189: result: yes
configure:4189: checking for security/pam_modules.h
configure:4189: gcc -c -g -O2  conftest.c >&5
configure:4189: $? = 0
configure:4189: result: yes
configure:4213: checking for pam_get_user in -lpam
configure:4238: gcc -o conftest -g -O2   conftest.c -lpam   >&5
configure:4238: $? = 0
configure:4247: result: yes
configure:4275: gcc -o conftest -g -O2   -Wl,-rpath -Wl,/tmp conftest.c -lpam  >&5
configure:4275: $? = 0
configure:4455: creating ./config.status

## ---------------------- ##
## Running config.status. ##
## ---------------------- ##

This file was extended by pam_ext_ssl config.status 0.1, which was
generated by GNU Autoconf 2.68.  Invocation command line was

  CONFIG_FILES    = 
  CONFIG_HEADERS  = 
  CONFIG_LINKS    = 
  CONFIG_COMMANDS = 
  $ ./config.status 

on kang-z21

config.status:762: creating Makefile
config.status:762: creating pam_ext_ssl.syms

## ---------------- ##
## Cache variables. ##
## ---------------- ##

ac_cv_build=x86_64-unknown-linux-gnu
ac_cv_c_compiler_gnu=yes
ac_cv_env_CC_set=
ac_cv_env_CC_value=
ac_cv_env_CFLAGS_set=
ac_cv_env_CFLAGS_value=
ac_cv_env_CPPFLAGS_set=
ac_cv_env_CPPFLAGS_value=
ac_cv_env_CPP_set=
ac_cv_env_CPP_value=
ac_cv_env_LDFLAGS_set=
ac_cv_env_LDFLAGS_value=
ac_cv_env_LIBS_set=
ac_cv_env_LIBS_value=
ac_cv_env_build_alias_set=
ac_cv_env_build_alias_value=
ac_cv_env_host_alias_set=
ac_cv_env_host_alias_value=
ac_cv_env_target_alias_set=
ac_cv_env_target_alias_value=
ac_cv_header_inttypes_h=yes
ac_cv_header_memory_h=yes
ac_cv_header_minix_config_h=no
ac_cv_header_security_pam_appl_h=yes
ac_cv_header_security_pam_modules_h=yes
ac_cv_header_stdc=yes
ac_cv_header_stdint_h=yes
ac_cv_header_stdlib_h=yes
ac_cv_header_string_h=yes
ac_cv_header_strings_h=yes
ac_cv_header_sys_stat_h=yes
ac_cv_header_sys_types_h=yes
ac_cv_header_unistd_h=yes
ac_cv_host=x86_64-unknown-linux-gnu
ac_cv_lib_pam_pam_get_user=yes
ac_cv_objext=o
ac_cv_path_EGREP='/usr/bin/grep -E'
ac_cv_path_GREP=/usr/bin/grep
ac_cv_path_install='/usr/bin/install -c'
ac_cv_prog_CPP='gcc -E'
ac_cv_prog_ac_ct_CC=gcc
ac_cv_prog_ac_ct_OBJCOPY=objcopy
ac_cv_prog_ac_ct_STRIP=strip
ac_cv_prog_cc_c89=
ac_cv_prog_cc_g=yes
ac_cv_prog_make_make_set=yes
ac_cv_safe_to_define___extensions__=yes

## ----------------- ##
## Output variables. ##
## ----------------- ##

AREXT='a'
CC='gcc'
CFLAGS='-g -O2'
CPP='gcc -E'
CPPFLAGS=''
DEFS='-DPACKAGE_NAME=\"pam_ext_ssl\" -DPACKAGE_TARNAME=\"pam_ext_ssl\" -DPACKAGE_VERSION=\"0.1\" -DPACKAGE_STRING=\"pam_ext_ssl\ 0.1\" -DPACKAGE_BUGREPORT=\"\" -DPACKAGE_URL=\"\" -DSTDC_HEADERS=1 -DHAVE_SYS_TYPES_H=1 -DHAVE_SYS_STAT_H=1 -DHAVE_STDLIB_H=1 -DHAVE_STRING_H=1 -DHAVE_MEMORY_H=1 -DHAVE_STRINGS_H=1 -DHAVE_INTTYPES_H=1 -DHAVE_STDINT_H=1 -DHAVE_UNISTD_H=1 -D__EXTENSIONS__=1 -D_ALL_SOURCE=1 -D_GNU_SOURCE=1 -D_POSIX_PTHREAD_SEMANTICS=1 -D_TANDEM_SOURCE=1 -DHAVE_SECURITY_PAM_APPL_H=1 -DHAVE_SECURITY_PAM_MODULES_H=1 -DHAVE_LIBPAM=1'
ECHO_C=''
ECHO_N='-n'
ECHO_T=''
EGREP='/usr/bin/grep -E'
EXEEXT=''
GREP='/usr/bin/grep'
INSTALL_DATA='${INSTALL} -m 644'
INSTALL_PROGRAM='${INSTALL}'
INSTALL_SCRIPT='${INSTALL}'
LDFLAGS=' '
LIBOBJS=''
LIBS='-lpam '
LTLIBOBJS=''
OBJCOPY='objcopy'
OBJEXT='o'
PACKAGE_BUGREPORT=''
PACKAGE_NAME='pam_ext_ssl'
PACKAGE_STRING='pam_ext_ssl 0.1'
PACKAGE_TARNAME='pam_ext_ssl'
PACKAGE_URL=''
PACKAGE_VERSION='0.1'
PATH_SEPARATOR=':'
REMOVESYMS='objcopy --discard-all'
SET_MAKE=''
SHELL='/bin/sh'
SHLIBOBJS=''
SHOBJEXT='so'
SHOBJFLAGS='-fPIC -DPIC'
SHOBJLDFLAGS='-shared -rdynamic'
STRIP='strip'
SYMPREFIX=''
WEAKENSYMS='objcopy --keep-global-symbols=pam_ext_ssl.syms'
ac_ct_CC='gcc'
ac_ct_OBJCOPY='objcopy'
ac_ct_STRIP='strip'
bindir='${exec_prefix}/bin'
build='x86_64-unknown-linux-gnu'
build_alias=''
build_cpu='x86_64'
build_os='linux-gnu'
build_vendor='unknown'
datadir='${datarootdir}'
datarootdir='${prefix}/share'
docdir='${datarootdir}/doc/${PACKAGE_TARNAME}'
dvidir='${docdir}'
exec_prefix='${prefix}'
host='x86_64-unknown-linux-gnu'
host_alias=''
host_cpu='x86_64'
host_os='linux-gnu'
host_vendor='unknown'
htmldir='${docdir}'
includedir='${prefix}/include'
infodir='${datarootdir}/info'
libdir='${exec_prefix}/lib'
libexecdir='${exec_prefix}/libexec'
localedir='${datarootdir}/locale'
localstatedir='${prefix}/var'
mandir='${datarootdir}/man'
oldincludedir='/usr/include'
pdfdir='${docdir}'
prefix='/usr/local'
program_transform_name='s,x,x,'
psdir='${docdir}'
sbindir='${exec_prefix}/sbin'
sharedstatedir='${prefix}/com'
sysconfdir='${prefix}/etc'
target_alias=''

## ----------- ##
## confdefs.h. ##
## ----------- ##

/* confdefs.h */
#define PACKAGE_NAME "pam_ext_ssl"
#define PACKAGE_TARNAME "pam_ext_ssl"
#define PACKAGE_VERSION "0.1"
#define PACKAGE_STRING "pam_ext_ssl 0.1"
#define PACKAGE_BUGREPORT ""
#define PACKAGE_URL ""
#define STDC_HEADERS 1
#define HAVE_SYS_TYPES_H 1
#define HAVE_SYS_STAT_H 1
#define HAVE_STDLIB_H 1
#define HAVE_STRING_H 1
#define HAVE_MEMORY_H 1
#define HAVE_STRINGS_H 1
#define HAVE_INTTYPES_H 1
#define HAVE_STDINT_H 1
#define HAVE_UNISTD_H 1
#define __EXTENSIONS__ 1
#define _ALL_SOURCE 1
#define _GNU_SOURCE 1
#define _POSIX_PTHREAD_SEMANTICS 1
#define _TANDEM_SOURCE 1
#define HAVE_SECURITY_PAM_APPL_H 1
#define HAVE_SECURITY_PAM_MODULES_H 1
#define HAVE_LIBPAM 1

configure: exit 0
